<?xml version="1.0" encoding="UTF-8"?>
<testsuite xmlns:xsi="http://www.w3.org/2001/XMLSchema-instance" xsi:noNamespaceSchemaLocation="https://maven.apache.org/surefire/maven-surefire-plugin/xsd/surefire-test-report-3.0.xsd" version="3.0" name="com.example.grasscutter.GrasscutterApplicationTests" time="5.254" tests="1" errors="0" skipped="0" failures="0">
  <properties>
[...]
</properties>
  <testcase name="contextLoads" classname="com.example.grasscutter.GrasscutterApplicationTests" time="0.913">
    <system-out><![CDATA[Standard Commons Logging discovery in action with spring-jcl: please remove commons-logging.jar from classpath in order to avoid potential conflicts
09:27:27.435 [main] INFO org.springframework.test.context.support.AnnotationConfigContextLoaderUtils -- Could not detect default configuration classes for test class [com.example.grasscutter.GrasscutterApplicationTests]: GrasscutterApplicationTests does not declare any static, non-private, non-final, nested classes annotated with @Configuration.
09:27:27.605 [main] INFO org.springframework.boot.test.context.SpringBootTestContextBootstrapper -- Found @SpringBootConfiguration com.example.grasscutter.GrasscutterApplication for test class com.example.grasscutter.GrasscutterApplicationTests
09:27:27.836 [main] INFO org.springframework.boot.devtools.restart.RestartApplicationListener -- Restart disabled due to context in which it is running

  .   ____          _            __ _ _
 /\\ / ___'_ __ _ _(_)_ __  __ _ \ \ \ \
( ( )\___ | '_ | '_| | '_ \/ _` | \ \ \ \
 \\/  ___)| |_)| | | | | || (_| |  ) ) ) )
  '  |____| .__|_| |_|_| |_\__, | / / / /
 =========|_|==============|___/=/_/_/_/
 :: Spring Boot ::                (v3.2.1)

2024-01-08T09:27:28.144+05:30  INFO 10164 --- [           main] c.e.g.GrasscutterApplicationTests        : Starting GrasscutterApplicationTests using Java 20.0.1 with PID 10164 (started by murug in C:\Users\murug\Desktop\e19-3yp-Automated-grass-cutter\Backend)
2024-01-08T09:27:28.146+05:30  INFO 10164 --- [           main] c.e.g.GrasscutterApplicationTests        : No active profile set, falling back to 1 default profile: "default"
2024-01-08T09:27:28.988+05:30  INFO 10164 --- [           main] .s.d.r.c.RepositoryConfigurationDelegate : Bootstrapping Spring Data MongoDB repositories in DEFAULT mode.
2024-01-08T09:27:29.049+05:30  INFO 10164 --- [           main] .s.d.r.c.RepositoryConfigurationDelegate : Finished Spring Data repository scanning in 56 ms. Found 2 MongoDB repository interfaces.
2024-01-08T09:27:29.718+05:30  INFO 10164 --- [           main] org.mongodb.driver.client                : MongoClient with metadata {"driver": {"name": "mongo-java-driver|sync|spring-boot", "version": "4.11.1"}, "os": {"type": "Windows", "name": "Windows 11", "architecture": "amd64", "version": "10.0"}, "platform": "Java/Oracle Corporation/20.0.1+9-29"} created with settings MongoClientSettings{readPreference=primary, writeConcern=WriteConcern{w=null, wTimeout=null ms, journal=null}, retryWrites=true, retryReads=true, readConcern=ReadConcern{level=null}, credential=MongoCredential{mechanism=null, userName='Harnan', source='LawnMate', password=<hidden>, mechanismProperties=<hidden>}, transportSettings=null, streamFactoryFactory=null, commandListeners=[], codecRegistry=ProvidersCodecRegistry{codecProviders=[ValueCodecProvider{}, BsonValueCodecProvider{}, DBRefCodecProvider{}, DBObjectCodecProvider{}, DocumentCodecProvider{}, CollectionCodecProvider{}, IterableCodecProvider{}, MapCodecProvider{}, GeoJsonCodecProvider{}, GridFSFileCodecProvider{}, Jsr310CodecProvider{}, JsonObjectCodecProvider{}, BsonCodecProvider{}, EnumCodecProvider{}, com.mongodb.client.model.mql.ExpressionCodecProvider@16f0ec18, com.mongodb.Jep395RecordCodecProvider@6c977dcf, com.mongodb.KotlinCodecProvider@661d6bb6]}, loggerSettings=LoggerSettings{maxDocumentLength=1000}, clusterSettings={hosts=[ec2-13-233-31-3.ap-south-1.compute.amazonaws.com:27017], srvServiceName=mongodb, mode=SINGLE, requiredClusterType=UNKNOWN, requiredReplicaSetName='null', serverSelector='null', clusterListeners='[]', serverSelectionTimeout='30000 ms', localThreshold='15 ms'}, socketSettings=SocketSettings{connectTimeoutMS=10000, readTimeoutMS=0, receiveBufferSize=0, proxySettings=ProxySettings{host=null, port=null, username=null, password=null}}, heartbeatSocketSettings=SocketSettings{connectTimeoutMS=10000, readTimeoutMS=10000, receiveBufferSize=0, proxySettings=ProxySettings{host=null, port=null, username=null, password=null}}, connectionPoolSettings=ConnectionPoolSettings{maxSize=100, minSize=0, maxWaitTimeMS=120000, maxConnectionLifeTimeMS=0, maxConnectionIdleTimeMS=0, maintenanceInitialDelayMS=0, maintenanceFrequencyMS=60000, connectionPoolListeners=[], maxConnecting=2}, serverSettings=ServerSettings{heartbeatFrequencyMS=10000, minHeartbeatFrequencyMS=500, serverListeners='[]', serverMonitorListeners='[]'}, sslSettings=SslSettings{enabled=false, invalidHostNameAllowed=false, context=null}, applicationName='null', compressorList=[], uuidRepresentation=JAVA_LEGACY, serverApi=null, autoEncryptionSettings=null, dnsClient=null, inetAddressResolver=null, contextProvider=null}
2024-01-08T09:27:30.180+05:30  INFO 10164 --- [onaws.com:27017] org.mongodb.driver.cluster               : Monitor thread successfully connected to server with description ServerDescription{address=ec2-13-233-31-3.ap-south-1.compute.amazonaws.com:27017, type=STANDALONE, state=CONNECTED, ok=true, minWireVersion=0, maxWireVersion=21, maxDocumentSize=16777216, logicalSessionTimeoutMinutes=30, roundTripTimeNanos=228006200}
2024-01-08T09:27:31.137+05:30  INFO 10164 --- [           main] o.s.s.web.DefaultSecurityFilterChain     : Will secure any request with [org.springframework.security.web.session.DisableEncodeUrlFilter@1fe05fff, org.springframework.security.web.context.request.async.WebAsyncManagerIntegrationFilter@6e017950, org.springframework.security.web.context.SecurityContextHolderFilter@42238078, org.springframework.security.web.header.HeaderWriterFilter@684b26b7, org.springframework.security.web.authentication.logout.LogoutFilter@174e1b99, org.springframework.security.oauth2.server.resource.web.authentication.BearerTokenAuthenticationFilter@5034681f, org.springframework.security.web.savedrequest.RequestCacheAwareFilter@49fe0bcd, org.springframework.security.web.servletapi.SecurityContextHolderAwareRequestFilter@3516b881, org.springframework.security.web.authentication.AnonymousAuthenticationFilter@1d06801f, org.springframework.security.web.session.SessionManagementFilter@2c5708e7, org.springframework.security.web.access.ExceptionTranslationFilter@2adc1e84, org.springframework.security.web.access.intercept.AuthorizationFilter@5d0e703a]
2024-01-08T09:27:31.503+05:30  INFO 10164 --- [           main] c.e.g.GrasscutterApplicationTests        : Started GrasscutterApplicationTests in 3.687 seconds (process running for 5.026)
]]></system-out>
  </testcase>
</testsuite>